<?xml version="1.0" encoding="UTF-8"?>
<!-- Generated by org.testng.reporters.JUnitReportReporter -->
<testsuite hostname="DELL-PC" failures="0" tests="1" name="com.htc.makemytrip.test.FlightFunctionalityTest" time="127.834" errors="0" timestamp="2021-05-28T16:44:40 IST" skipped="0">
  <testcase classname="com.htc.makemytrip.test.FlightFunctionalityTest" name="flightTicketBookingTest" time="127.834"/>
  <system-out/>
</testsuite> <!-- com.htc.makemytrip.test.FlightFunctionalityTest -->
