<?xml version="1.0" encoding="UTF-8"?>
<!-- Generated by org.testng.reporters.JUnitReportReporter -->
<testsuite hostname="DELL-PC" failures="0" tests="1" name="com.htc.makemytrip.test.VillasFuntionalityTest" time="63.687" errors="0" timestamp="2021-05-31T15:41:44 IST" skipped="0">
  <testcase classname="com.htc.makemytrip.test.VillasFuntionalityTest" name="bookingVillasTest" time="63.687"/>
  <system-out/>
</testsuite> <!-- com.htc.makemytrip.test.VillasFuntionalityTest -->
