<?xml version="1.0" encoding="UTF-8"?>
<!-- Generated by org.testng.reporters.JUnitReportReporter -->
<testsuite hostname="DELL-PC" failures="0" tests="1" name="com.htc.makemytrip.test.HotelFunctionalityTest" time="74.967" errors="0" timestamp="2021-06-02T14:41:57 IST" skipped="0">
  <testcase classname="com.htc.makemytrip.test.HotelFunctionalityTest" name="bookAHotelTest" time="74.967"/>
  <system-out/>
</testsuite> <!-- com.htc.makemytrip.test.HotelFunctionalityTest -->
