<?xml version="1.0" encoding="UTF-8"?>
<!-- Generated by org.testng.reporters.JUnitReportReporter -->
<testsuite hostname="DELL-PC" failures="0" tests="1" name="com.htc.makemytrip.test.BusFuntionalityTest" time="142.760" errors="0" timestamp="2021-06-02T14:41:57 IST" skipped="0">
  <testcase classname="com.htc.makemytrip.test.BusFuntionalityTest" name="bookABusTicketTest" time="142.760"/>
  <system-out/>
</testsuite> <!-- com.htc.makemytrip.test.BusFuntionalityTest -->
