<?xml version="1.0" encoding="UTF-8"?>
<!-- Generated by org.testng.reporters.JUnitReportReporter -->
<testsuite hostname="DELL-PC" failures="0" tests="1" name="com.htc.makemytrip.test.LoginTest" time="54.780" errors="0" timestamp="2021-06-04T17:03:58 IST" skipped="0">
  <testcase classname="com.htc.makemytrip.test.LoginTest" name="loginTest" time="54.780"/>
  <system-out/>
</testsuite> <!-- com.htc.makemytrip.test.LoginTest -->
