<?xml version="1.0" encoding="UTF-8"?>
<!-- Generated by org.testng.reporters.JUnitReportReporter -->
<testsuite hostname="DELL-PC" failures="0" tests="1" name="com.htc.makemytrip.test.BusFuntionalityTest" time="49.199" errors="0" timestamp="2021-06-04T12:41:51 IST" skipped="0">
  <testcase classname="com.htc.makemytrip.test.BusFuntionalityTest" name="bookABusTicketTest" time="49.199"/>
  <system-out/>
</testsuite> <!-- com.htc.makemytrip.test.BusFuntionalityTest -->
