<?xml version="1.0" encoding="UTF-8"?>
<!-- Generated by org.testng.reporters.JUnitReportReporter -->
<testsuite hostname="DELL-PC" failures="0" tests="1" name="com.htc.makemytrip.test.BusFuntionalityTest" time="58.928" errors="0" timestamp="2021-05-28T16:23:25 IST" skipped="0">
  <testcase classname="com.htc.makemytrip.test.BusFuntionalityTest" name="bookABusTicketTest" time="58.928"/>
  <system-out/>
</testsuite> <!-- com.htc.makemytrip.test.BusFuntionalityTest -->
