<?xml version="1.0" encoding="UTF-8"?>
<!-- Generated by org.testng.reporters.JUnitReportReporter -->
<testsuite hostname="DELL-PC" failures="0" tests="1" name="com.htc.makemytrip.test.CabFuntionalityTest" time="56.203" errors="0" timestamp="2021-06-04T13:25:54 IST" skipped="0">
  <testcase classname="com.htc.makemytrip.test.CabFuntionalityTest" name="bookACabTest" time="56.203"/>
  <system-out/>
</testsuite> <!-- com.htc.makemytrip.test.CabFuntionalityTest -->
