<?xml version="1.0" encoding="UTF-8"?>
<!-- Generated by org.testng.reporters.JUnitReportReporter -->
<testsuite hostname="DELL-PC" failures="0" tests="1" name="com.htc.makemytrip.base.BaseTest" time="0.023" errors="0" timestamp="2021-04-27T13:14:50 IST" skipped="0">
  <testcase classname="com.htc.makemytrip.base.BaseTest" name="testcase1" time="0.023"/>
  <system-out/>
</testsuite> <!-- com.htc.makemytrip.base.BaseTest -->
