<?xml version="1.0" encoding="UTF-8"?>
<!-- Generated by org.testng.reporters.JUnitReportReporter -->
<testsuite hostname="DELL-PC" failures="0" tests="1" name="com.htc.makemytrip.test.CabFuntionalityTest" time="52.971" errors="0" timestamp="2021-05-31T16:52:08 IST" skipped="0">
  <testcase classname="com.htc.makemytrip.test.CabFuntionalityTest" name="bookACabTest" time="52.971"/>
  <system-out/>
</testsuite> <!-- com.htc.makemytrip.test.CabFuntionalityTest -->
